{"/Users/joaocarvalho/git/jc-add-in/src/document_validator/CPF.ts": {"path":"/Users/joaocarvalho/git/jc-add-in/src/document_validator/CPF.ts","all":false,"statementMap":{"0":{"start":{"line":1,"column":0},"end":{"line":1,"column":8}},"1":{"start":{"line":2,"column":0},"end":{"line":2,"column":20}},"2":{"start":{"line":3,"column":0},"end":{"line":3,"column":28}},"3":{"start":{"line":4,"column":0},"end":{"line":4,"column":0}},"4":{"start":{"line":5,"column":0},"end":{"line":5,"column":47}},"5":{"start":{"line":6,"column":0},"end":{"line":6,"column":32}},"6":{"start":{"line":7,"column":0},"end":{"line":7,"column":0}},"7":{"start":{"line":8,"column":0},"end":{"line":8,"column":39}},"8":{"start":{"line":9,"column":0},"end":{"line":9,"column":40}},"9":{"start":{"line":10,"column":0},"end":{"line":10,"column":3}},"10":{"start":{"line":11,"column":0},"end":{"line":11,"column":0}},"11":{"start":{"line":12,"column":0},"end":{"line":12,"column":23}},"12":{"start":{"line":13,"column":0},"end":{"line":13,"column":42}},"13":{"start":{"line":14,"column":0},"end":{"line":14,"column":39}},"14":{"start":{"line":15,"column":0},"end":{"line":15,"column":52}},"15":{"start":{"line":16,"column":0},"end":{"line":16,"column":51}},"16":{"start":{"line":17,"column":0},"end":{"line":17,"column":53}},"17":{"start":{"line":18,"column":0},"end":{"line":18,"column":53}},"18":{"start":{"line":19,"column":0},"end":{"line":19,"column":58}},"19":{"start":{"line":20,"column":0},"end":{"line":20,"column":48}},"20":{"start":{"line":21,"column":0},"end":{"line":21,"column":42}},"21":{"start":{"line":22,"column":0},"end":{"line":22,"column":3}},"22":{"start":{"line":23,"column":0},"end":{"line":23,"column":0}},"23":{"start":{"line":24,"column":0},"end":{"line":24,"column":24}},"24":{"start":{"line":25,"column":0},"end":{"line":25,"column":56}},"25":{"start":{"line":26,"column":0},"end":{"line":26,"column":3}},"26":{"start":{"line":27,"column":0},"end":{"line":27,"column":0}},"27":{"start":{"line":28,"column":0},"end":{"line":28,"column":41}},"28":{"start":{"line":29,"column":0},"end":{"line":29,"column":30}},"29":{"start":{"line":30,"column":0},"end":{"line":30,"column":3}},"30":{"start":{"line":31,"column":0},"end":{"line":31,"column":0}},"31":{"start":{"line":32,"column":0},"end":{"line":32,"column":41}},"32":{"start":{"line":33,"column":0},"end":{"line":33,"column":21}},"33":{"start":{"line":34,"column":0},"end":{"line":34,"column":28}},"34":{"start":{"line":35,"column":0},"end":{"line":35,"column":56}},"35":{"start":{"line":36,"column":0},"end":{"line":36,"column":3}},"36":{"start":{"line":37,"column":0},"end":{"line":37,"column":0}},"37":{"start":{"line":38,"column":0},"end":{"line":38,"column":57}},"38":{"start":{"line":39,"column":0},"end":{"line":39,"column":21}},"39":{"start":{"line":40,"column":0},"end":{"line":40,"column":17}},"40":{"start":{"line":41,"column":0},"end":{"line":41,"column":30}},"41":{"start":{"line":42,"column":0},"end":{"line":42,"column":23}},"42":{"start":{"line":43,"column":0},"end":{"line":43,"column":43}},"43":{"start":{"line":44,"column":0},"end":{"line":44,"column":7}},"44":{"start":{"line":45,"column":0},"end":{"line":45,"column":5}},"45":{"start":{"line":46,"column":0},"end":{"line":46,"column":27}},"46":{"start":{"line":47,"column":0},"end":{"line":47,"column":37}},"47":{"start":{"line":48,"column":0},"end":{"line":48,"column":3}},"48":{"start":{"line":49,"column":0},"end":{"line":49,"column":0}},"49":{"start":{"line":50,"column":0},"end":{"line":50,"column":45}},"50":{"start":{"line":51,"column":0},"end":{"line":51,"column":25}},"51":{"start":{"line":52,"column":0},"end":{"line":52,"column":3}},"52":{"start":{"line":53,"column":0},"end":{"line":53,"column":0}},"53":{"start":{"line":54,"column":0},"end":{"line":54,"column":25}},"54":{"start":{"line":55,"column":0},"end":{"line":55,"column":30}},"55":{"start":{"line":56,"column":0},"end":{"line":56,"column":3}},"56":{"start":{"line":57,"column":0},"end":{"line":57,"column":1}}},"s":{"0":1,"1":1,"2":1,"3":1,"4":1,"5":1,"6":1,"7":1,"8":9,"9":9,"10":1,"11":1,"12":9,"13":7,"14":9,"15":9,"16":4,"17":4,"18":4,"19":4,"20":4,"21":4,"22":1,"23":1,"24":7,"25":7,"26":1,"27":1,"28":7,"29":7,"30":1,"31":1,"32":5,"33":5,"34":5,"35":5,"36":1,"37":1,"38":8,"39":8,"40":8,"41":88,"42":76,"43":76,"44":88,"45":8,"46":8,"47":8,"48":1,"49":1,"50":4,"51":4,"52":1,"53":1,"54":0,"55":0,"56":1},"branchMap":{"0":{"type":"branch","line":12,"loc":{"start":{"line":12,"column":2},"end":{"line":22,"column":3}},"locations":[{"start":{"line":12,"column":2},"end":{"line":22,"column":3}}]},"1":{"type":"branch","line":13,"loc":{"start":{"line":13,"column":30},"end":{"line":13,"column":42}},"locations":[{"start":{"line":13,"column":30},"end":{"line":13,"column":42}}]},"2":{"type":"branch","line":14,"loc":{"start":{"line":14,"column":-1},"end":{"line":15,"column":40}},"locations":[{"start":{"line":14,"column":-1},"end":{"line":15,"column":40}}]},"3":{"type":"branch","line":15,"loc":{"start":{"line":15,"column":40},"end":{"line":15,"column":52}},"locations":[{"start":{"line":15,"column":40},"end":{"line":15,"column":52}}]},"4":{"type":"branch","line":16,"loc":{"start":{"line":16,"column":-1},"end":{"line":16,"column":39}},"locations":[{"start":{"line":16,"column":-1},"end":{"line":16,"column":39}}]},"5":{"type":"branch","line":16,"loc":{"start":{"line":16,"column":39},"end":{"line":16,"column":51}},"locations":[{"start":{"line":16,"column":39},"end":{"line":16,"column":51}}]},"6":{"type":"branch","line":17,"loc":{"start":{"line":17,"column":-1},"end":{"line":22,"column":3}},"locations":[{"start":{"line":17,"column":-1},"end":{"line":22,"column":3}}]},"7":{"type":"branch","line":24,"loc":{"start":{"line":24,"column":2},"end":{"line":26,"column":3}},"locations":[{"start":{"line":24,"column":2},"end":{"line":26,"column":3}}]},"8":{"type":"branch","line":28,"loc":{"start":{"line":28,"column":2},"end":{"line":30,"column":3}},"locations":[{"start":{"line":28,"column":2},"end":{"line":30,"column":3}}]},"9":{"type":"branch","line":32,"loc":{"start":{"line":32,"column":2},"end":{"line":36,"column":3}},"locations":[{"start":{"line":32,"column":2},"end":{"line":36,"column":3}}]},"10":{"type":"branch","line":35,"loc":{"start":{"line":35,"column":26},"end":{"line":35,"column":55}},"locations":[{"start":{"line":35,"column":26},"end":{"line":35,"column":55}}]},"11":{"type":"branch","line":38,"loc":{"start":{"line":38,"column":2},"end":{"line":48,"column":3}},"locations":[{"start":{"line":38,"column":2},"end":{"line":48,"column":3}}]},"12":{"type":"branch","line":41,"loc":{"start":{"line":41,"column":29},"end":{"line":45,"column":5}},"locations":[{"start":{"line":41,"column":29},"end":{"line":45,"column":5}}]},"13":{"type":"branch","line":42,"loc":{"start":{"line":42,"column":22},"end":{"line":44,"column":7}},"locations":[{"start":{"line":42,"column":22},"end":{"line":44,"column":7}}]},"14":{"type":"branch","line":47,"loc":{"start":{"line":47,"column":20},"end":{"line":47,"column":25}},"locations":[{"start":{"line":47,"column":20},"end":{"line":47,"column":25}}]},"15":{"type":"branch","line":47,"loc":{"start":{"line":47,"column":25},"end":{"line":47,"column":37}},"locations":[{"start":{"line":47,"column":25},"end":{"line":47,"column":37}}]},"16":{"type":"branch","line":50,"loc":{"start":{"line":50,"column":2},"end":{"line":52,"column":3}},"locations":[{"start":{"line":50,"column":2},"end":{"line":52,"column":3}}]},"17":{"type":"branch","line":8,"loc":{"start":{"line":8,"column":2},"end":{"line":10,"column":3}},"locations":[{"start":{"line":8,"column":2},"end":{"line":10,"column":3}}]}},"b":{"0":[9],"1":[2],"2":[7],"3":[2],"4":[5],"5":[1],"6":[4],"7":[7],"8":[7],"9":[5],"10":[19],"11":[8],"12":[88],"13":[76],"14":[4],"15":[4],"16":[4],"17":[9]},"fnMap":{"0":{"name":"validate","decl":{"start":{"line":12,"column":2},"end":{"line":22,"column":3}},"loc":{"start":{"line":12,"column":2},"end":{"line":22,"column":3}},"line":12},"1":{"name":"removeMask","decl":{"start":{"line":24,"column":2},"end":{"line":26,"column":3}},"loc":{"start":{"line":24,"column":2},"end":{"line":26,"column":3}},"line":24},"2":{"name":"isValidLength","decl":{"start":{"line":28,"column":2},"end":{"line":30,"column":3}},"loc":{"start":{"line":28,"column":2},"end":{"line":30,"column":3}},"line":28},"3":{"name":"isValidFormat","decl":{"start":{"line":32,"column":2},"end":{"line":36,"column":3}},"loc":{"start":{"line":32,"column":2},"end":{"line":36,"column":3}},"line":32},"4":{"name":"calculateDigit","decl":{"start":{"line":38,"column":2},"end":{"line":48,"column":3}},"loc":{"start":{"line":38,"column":2},"end":{"line":48,"column":3}},"line":38},"5":{"name":"extractActualDigit","decl":{"start":{"line":50,"column":2},"end":{"line":52,"column":3}},"loc":{"start":{"line":50,"column":2},"end":{"line":52,"column":3}},"line":50},"6":{"name":"getDocument","decl":{"start":{"line":54,"column":2},"end":{"line":56,"column":3}},"loc":{"start":{"line":54,"column":2},"end":{"line":56,"column":3}},"line":54},"7":{"name":"CPF","decl":{"start":{"line":8,"column":2},"end":{"line":10,"column":3}},"loc":{"start":{"line":8,"column":2},"end":{"line":10,"column":3}},"line":8}},"f":{"0":9,"1":7,"2":7,"3":5,"4":8,"5":4,"6":0,"7":9}}
}
