TN:
SF:src/document_validator/CPF.ts
FN:12,validate
FN:24,removeMask
FN:28,isValidLength
FN:32,isValidFormat
FN:38,calculateDigit
FN:50,extractActualDigit
FN:54,getDocument
FN:8,CPF
FNF:8
FNH:7
FNDA:9,validate
FNDA:7,removeMask
FNDA:7,isValidLength
FNDA:5,isValidFormat
FNDA:8,calculateDigit
FNDA:4,extractActualDigit
FNDA:0,getDocument
FNDA:9,CPF
DA:1,1
DA:2,1
DA:3,1
DA:4,1
DA:5,1
DA:6,1
DA:7,1
DA:8,1
DA:9,9
DA:10,9
DA:11,1
DA:12,1
DA:13,9
DA:14,7
DA:15,9
DA:16,9
DA:17,4
DA:18,4
DA:19,4
DA:20,4
DA:21,4
DA:22,4
DA:23,1
DA:24,1
DA:25,7
DA:26,7
DA:27,1
DA:28,1
DA:29,7
DA:30,7
DA:31,1
DA:32,1
DA:33,5
DA:34,5
DA:35,5
DA:36,5
DA:37,1
DA:38,1
DA:39,8
DA:40,8
DA:41,8
DA:42,88
DA:43,76
DA:44,76
DA:45,88
DA:46,8
DA:47,8
DA:48,8
DA:49,1
DA:50,1
DA:51,4
DA:52,4
DA:53,1
DA:54,1
DA:55,0
DA:56,0
DA:57,1
LF:57
LH:55
BRDA:12,0,0,9
BRDA:13,1,0,2
BRDA:14,2,0,7
BRDA:15,3,0,2
BRDA:16,4,0,5
BRDA:16,5,0,1
BRDA:17,6,0,4
BRDA:24,7,0,7
BRDA:28,8,0,7
BRDA:32,9,0,5
BRDA:35,10,0,19
BRDA:38,11,0,8
BRDA:41,12,0,88
BRDA:42,13,0,76
BRDA:47,14,0,4
BRDA:47,15,0,4
BRDA:50,16,0,4
BRDA:8,17,0,9
BRF:18
BRH:18
end_of_record
